
                         Lattice Mapping Report File

Design:  LED
Family:  iCE40UP
Device:  iCE40UP5K
Package: SG48
Performance Grade:  High-Performance_1.2V

Mapper:    version Radiant Software (64-bit) 2024.2.0.3.0
Mapped on: Sun Aug 31 17:00:14 2025

Design Information
------------------

Command line:   map -pdc
     C:/Users/drgonzales/e155-lab1-main/Downloads/source/impl_1/pins1.pdc -i
     lab1_impl_1_syn.udb -o lab1_impl_1_map.udb -mp lab1_impl_1.mrp -hierrpt
     -gui -msgset C:/Users/drgonzales/e155-lab1-main/Downloads/promote.xml

Design Summary
--------------

   Number of slice registers:   0 out of  5280 (0%)
   Number of I/O registers:      0 out of   117 (0%)
   Number of LUT4s:             2 out of  5280 (<1%)
      Number of logic LUT4s:               2
      Number of ripple logic:              0 (0 LUT4s)
   Number of IO sites used:   6 out of 39 (15%)
      Number of IO sites used for general PIO: 6
      Number of IO sites used for I3C: 0 out of 2 (0%)
      (note: If I3C is not used, its site can be used as general PIO)
      Number of IO sites used for PIO+I3C: 6 out of 36 (17%)
      Number of IO sites used for OD+RGB IO buffers: 0 out of 3 (0%)
      (note: If RGB LED drivers are not used, sites can be used as OD outputs,
       see TN1288 iCE40 LED Driver Usage Guide)
      Number of IO sites used for PIO+I3C+OD+RGB: 6 out of 39 (15%)
   Number of DSPs:             0 out of 8 (0%)
   Number of I2Cs:             0 out of 2 (0%)
   Number of High Speed OSCs:  0 out of 1 (0%)
   Number of Low Speed OSCs:   0 out of 1 (0%)
   Number of RGB PWM:          0 out of 1 (0%)
   Number of RGB Drivers:      0 out of 1 (0%)
   Number of SCL FILTERs:      0 out of 2 (0%)
   Number of SRAMs:            0 out of 4 (0%)
   Number of WARMBOOTs:        0 out of 1 (0%)
   Number of SPIs:             0 out of 2 (0%)
   Number of EBRs:             0 out of 30 (0%)
   Number of PLLs:             0 out of 1 (0%)
   Number of Clocks:  0
   Number of Clock Enables:  0
   Number of LSRs:  0
   Top 10 highest fanout non-clock nets:
      Net led_c_0: 1 loads
      Net led_c_1: 1 loads
      Net s_c_0: 1 loads
      Net s_c_1: 1 loads
      Net s_c_2: 1 loads
      Net s_c_3: 1 loads




                                    Page 1









   Number of warnings:  32
   Number of criticals: 0
   Number of errors:    0

Design Errors/Criticals/Warnings
--------------------------------

WARNING <1026001> - map:
     C:/Users/drgonzales/e155-lab1-main/Downloads/source/impl_1/pins1.pdc (7) :
     No port matched 'led[2]'.
WARNING <1026001> - map:
     C:/Users/drgonzales/e155-lab1-main/Downloads/source/impl_1/pins1.pdc (8) :
     No port matched 'seg[0]'.
WARNING <1026001> - map:
     C:/Users/drgonzales/e155-lab1-main/Downloads/source/impl_1/pins1.pdc (9) :
     No port matched 'seg[1]'.
WARNING <1026001> - map:
     C:/Users/drgonzales/e155-lab1-main/Downloads/source/impl_1/pins1.pdc (10) :
     No port matched 'seg[2]'.
WARNING <1026001> - map:
     C:/Users/drgonzales/e155-lab1-main/Downloads/source/impl_1/pins1.pdc (11) :
     No port matched 'seg[3]'.
WARNING <1026001> - map:
     C:/Users/drgonzales/e155-lab1-main/Downloads/source/impl_1/pins1.pdc (12) :
     No port matched 'seg[4]'.
WARNING <1026001> - map:
     C:/Users/drgonzales/e155-lab1-main/Downloads/source/impl_1/pins1.pdc (13) :
     No port matched 'seg[5]'.
WARNING <1026001> - map:
     C:/Users/drgonzales/e155-lab1-main/Downloads/source/impl_1/pins1.pdc (14) :
     No port matched 'seg[6]'.
WARNING <1027013> - map: No port matched 'led[2]'.
WARNING <1026001> - map:
     C:/Users/drgonzales/e155-lab1-main/Downloads/source/impl_1/pins1.pdc (7) :
     Can't resolve object 'led[2]' in constraint 'ldc_set_location -site {13}
     [get_ports {led[2]}]'.
WARNING <1027013> - map: No port matched 'seg[0]'.
WARNING <1026001> - map:
     C:/Users/drgonzales/e155-lab1-main/Downloads/source/impl_1/pins1.pdc (8) :
     Can't resolve object 'seg[0]' in constraint 'ldc_set_location -site {21}
     [get_ports {seg[0]}]'.
WARNING <1027013> - map: No port matched 'seg[1]'.
WARNING <1026001> - map:
     C:/Users/drgonzales/e155-lab1-main/Downloads/source/impl_1/pins1.pdc (9) :
     Can't resolve object 'seg[1]' in constraint 'ldc_set_location -site {19}
     [get_ports {seg[1]}]'.
WARNING <1027013> - map: No port matched 'seg[2]'.
WARNING <1026001> - map:
     C:/Users/drgonzales/e155-lab1-main/Downloads/source/impl_1/pins1.pdc (10) :
     Can't resolve object 'seg[2]' in constraint 'ldc_set_location -site {11}
     [get_ports {seg[2]}]'.
WARNING <1027013> - map: No port matched 'seg[3]'.
WARNING <1026001> - map:
     C:/Users/drgonzales/e155-lab1-main/Downloads/source/impl_1/pins1.pdc (11) :
     Can't resolve object 'seg[3]' in constraint 'ldc_set_location -site {6}
     [get_ports {seg[3]}]'.

                                    Page 2





Design Errors/Criticals/Warnings (cont)
---------------------------------------
WARNING <1027013> - map: No port matched 'seg[4]'.
WARNING <1026001> - map:
     C:/Users/drgonzales/e155-lab1-main/Downloads/source/impl_1/pins1.pdc (12) :
     Can't resolve object 'seg[4]' in constraint 'ldc_set_location -site {4}
     [get_ports {seg[4]}]'.
WARNING <1027013> - map: No port matched 'seg[5]'.
WARNING <1026001> - map:
     C:/Users/drgonzales/e155-lab1-main/Downloads/source/impl_1/pins1.pdc (13) :
     Can't resolve object 'seg[5]' in constraint 'ldc_set_location -site {18}
     [get_ports {seg[5]}]'.
WARNING <1027013> - map: No port matched 'seg[6]'.
WARNING <1026001> - map:
     C:/Users/drgonzales/e155-lab1-main/Downloads/source/impl_1/pins1.pdc (14) :
     Can't resolve object 'seg[6]' in constraint 'ldc_set_location -site {9}
     [get_ports {seg[6]}]'.
WARNING <1011001> - map: Remove invalid constraint 'ldc_set_location -site {13}
     [get_ports {led[2]}]'.
WARNING <1011001> - map: Remove invalid constraint 'ldc_set_location -site {21}
     [get_ports {seg[0]}]'.
WARNING <1011001> - map: Remove invalid constraint 'ldc_set_location -site {19}
     [get_ports {seg[1]}]'.
WARNING <1011001> - map: Remove invalid constraint 'ldc_set_location -site {11}
     [get_ports {seg[2]}]'.
WARNING <1011001> - map: Remove invalid constraint 'ldc_set_location -site {6}
     [get_ports {seg[3]}]'.
WARNING <1011001> - map: Remove invalid constraint 'ldc_set_location -site {4}
     [get_ports {seg[4]}]'.
WARNING <1011001> - map: Remove invalid constraint 'ldc_set_location -site {18}
     [get_ports {seg[5]}]'.
WARNING <1011001> - map: Remove invalid constraint 'ldc_set_location -site {9}
     [get_ports {seg[6]}]'.

IO (PIO) Attributes
-------------------

+---------------------+-----------+-----------+-------+-------+-----------+
| IO Name             | Direction | Levelmode |  IO   |  IO   | Special   |
|                     |           |  IO_TYPE  |  REG  |  DDR  | IO Buffer |
+---------------------+-----------+-----------+-------+-------+-----------+
| led[1]              | OUTPUT    |           |       |       |           |
+---------------------+-----------+-----------+-------+-------+-----------+
| led[0]              | OUTPUT    |           |       |       |           |
+---------------------+-----------+-----------+-------+-------+-----------+
| s[3]                | INPUT     |           |       |       |           |
+---------------------+-----------+-----------+-------+-------+-----------+
| s[2]                | INPUT     |           |       |       |           |
+---------------------+-----------+-----------+-------+-------+-----------+
| s[1]                | INPUT     |           |       |       |           |
+---------------------+-----------+-----------+-------+-------+-----------+
| s[0]                | INPUT     |           |       |       |           |
+---------------------+-----------+-----------+-------+-------+-----------+

Removed logic
-------------

Block s_pad[3].vlo_inst was optimized away.
Block led_pad[1].vhi_inst was optimized away.

                                    Page 3






Constraint Summary
------------------

   Total number of constraints: 14
   Total number of constraints dropped: 8
   Dropped constraints are:
     ldc_set_location -site {13} [get_ports {led[2]}]
     ldc_set_location -site {21} [get_ports {seg[0]}]
     ldc_set_location -site {19} [get_ports {seg[1]}]
     ldc_set_location -site {11} [get_ports {seg[2]}]
     ldc_set_location -site {6} [get_ports {seg[3]}]
     ldc_set_location -site {4} [get_ports {seg[4]}]
     ldc_set_location -site {18} [get_ports {seg[5]}]
     ldc_set_location -site {9} [get_ports {seg[6]}]

Run Time and Memory Usage
-------------------------

   Total CPU Time: 0 secs
   Total REAL Time: 0 secs
   Peak Memory Usage: 66 MB
Checksum -- map: 74acc7c920d48539fdc03fcdfcb62760f9104bf1





































                                    Page 4


Copyright (c) 1991-1994 by NeoCAD Inc. All rights reserved.
Copyright (c) 1995
     AT&T Corp.   All rights reserved.
Copyright (c) 1995-2001 Lucent
     Technologies Inc.  All rights reserved.
Copyright (c) 2001 Agere Systems
     All rights reserved.
Copyright (c) 2002-2024 Lattice Semiconductor
     Corporation,  All rights reserved.
