Lattice Timing Report -  Setup  and Hold, Version Radiant Software (64-bit) 2024.2.0.3.0

Sat Aug 30 15:34:18 2025

Copyright (c) 1991-1994 by NeoCAD Inc. All rights reserved.
Copyright (c) 1995 AT&T Corp.   All rights reserved.
Copyright (c) 1995-2001 Lucent Technologies Inc.  All rights reserved.
Copyright (c) 2001 Agere Systems   All rights reserved.
Copyright (c) 2002-2024 Lattice Semiconductor Corporation,  All rights reserved.

Command line:    timing -sethld -v 10 -u 10 -endpoints 10 -nperend 1 -sp High-Performance_1.2V -hsp m -pwrprd -html -rpt lab1_impl_1.twr lab1_impl_1.udb -gui -msgset C:/Users/drgonzales/Downloads/promote.xml

-----------------------------------------
Design:          LED
Family:          iCE40UP
Device:          iCE40UP5K
Package:         SG48
Performance:     High-Performance_1.2V
Package Status:                     Preliminary    Version 1.5
**Performance Hardware Data Status :   Advanced Version 1.0
-----------------------------------------


=====================================================================
                    Table of Contents
=====================================================================
    1  Timing Overview
        1.1  SDC Constraints
        1.2  Constraint Coverage
        1.3  Overall Summary
        1.4  Unconstrained Report
        1.5  Combinational Loop
    2  Setup at Speed Grade High-Performance_1.2V Corner at 100 Degrees
        2.1  Clock Summary
        2.2  Endpoint slacks
        2.3  Detailed Report
    3  Hold at Speed Grade m Corner at -40 Degrees
        3.1  Endpoint slacks
        3.2  Detailed Report

=====================================================================
                    End of Table of Contents
=====================================================================

==============================================
1  Timing Overview
==============================================

1.1  SDC Constraints
=====================
create_clock -name {int_osc} -period 20.8333 [get_pins {hf_osc.osc_inst/CLKHF }] 

1.2  Constraint Coverage
---------------------------
Constraint Coverage: 93.5897%


1.3  Overall Summary
---------------------------
 Setup at Speed Grade High-Performance_1.2V Corner at 100 Degrees     Timing Errors: 0 endpoints;  Total Negative Slack: 0.000 ns 
 Hold at Speed Grade m Corner at -40 Degrees                          Timing Errors: 0 endpoints;  Total Negative Slack: 0.000 ns 

1.4  Unconstrained Report
===========================

1.4.1  Unconstrained Start/End Points
--------------------------------------

Clocked but unconstrained timing start points
--------------------------------------------------
There is no start point satisfying reporting criteria


Clocked but unconstrained timing end points
--------------------------------------------------
There is no end point satisfying reporting criteria


1.4.2  Start/End Points Without Timing Constraints
---------------------------------------------------

I/O ports without constraint
----------------------------
Possible constraints to use on I/O ports are:
set_input_delay,
set_output_delay,
set_max_delay,
create_clock,
create_generated_clock,
...

-------------------------------------------------------------------
     Listing 7 Start or End Points      |           Type           
-------------------------------------------------------------------
s[3]                                    |                     input
s[2]                                    |                     input
s[1]                                    |                     input
s[0]                                    |                     input
led[2]                                  |                    output
led[1]                                  |                    output
led[0]                                  |                    output
-------------------------------------------------------------------
                                        |                          
Number of I/O ports without constraint  |                         7
                                        |                          
-------------------------------------------------------------------

Nets without clock definition
Define a clock on a top level port or a generated clock on a clock divider pin associated with this net(s).
--------------------------------------------------
There is no instance satisfying reporting criteria



1.5  Combinational Loop
========================
None

===============================================================
2  Setup at Speed Grade High-Performance_1.2V Corner at 100 Degrees
===============================================================

2.1  Clock Summary
=======================

2.1.1 Clock "int_osc"
=======================
create_clock -name {int_osc} -period 20.8333 [get_pins {hf_osc.osc_inst/CLKHF }] 

Single Clock Domain
-------------------------------------------------------------------------------------------------------
             Clock int_osc              |                    |       Period       |     Frequency      
-------------------------------------------------------------------------------------------------------
 From int_osc                           |             Target |          20.833 ns |         48.000 MHz 
                                        | Actual (all paths) |          20.792 ns |         48.095 MHz 
hf_osc.osc_inst/CLKHF (MPW)             |   (50% duty cycle) |          20.792 ns |         48.095 MHz 
-------------------------------------------------------------------------------------------------------

Clock Domain Crossing

2.2  Endpoint slacks
=======================
-------------------------------------------------------
          Listing 10 End Points          |    Slack    
-------------------------------------------------------
{counter_20__i23/SR   counter_20__i24/SR}|    5.685 ns 
{counter_20__i5/SR   counter_20__i6/SR}  |    6.796 ns 
{counter_20__i7/SR   counter_20__i8/SR}  |    6.796 ns 
{counter_20__i9/SR   counter_20__i10/SR} |    6.796 ns 
{counter_20__i11/SR   counter_20__i12/SR}|    6.796 ns 
{counter_20__i13/SR   counter_20__i14/SR}|    6.796 ns 
{counter_20__i15/SR   counter_20__i16/SR}|    6.796 ns 
{counter_20__i17/SR   counter_20__i18/SR}|    6.796 ns 
{counter_20__i19/SR   counter_20__i20/SR}|    6.796 ns 
{counter_20__i21/SR   counter_20__i22/SR}|    6.796 ns 
-------------------------------------------------------
                                         |             
Setup # of endpoints with negative slack:|           0 
                                         |             
-------------------------------------------------------

2.3  Detailed Report
=======================


XXXXXXXXXXXXXXXXXXXXXXXXXXXXXXXXXXXXXXXXXXXXXXXXXXXXXXXXXX

Detail report of critical paths

XXXXXXXXXXXXXXXXXXXXXXXXXXXXXXXXXXXXXXXXXXXXXXXXXXXXXXXXXX

 +++++++++++++++++++++++++++++++++++++++++++++++++++++++++++++++++++++
                    Detailed Report for timing paths 
 +++++++++++++++++++++++++++++++++++++++++++++++++++++++++++++++++++++

 ++++Path 1  ++++++++++++++++++++++++++++++++++++++++++++++++++++++++++

Path Begin       : counter_20__i10/Q  (SLICE_R18C4B)
Path End         : {counter_20__i23/SR   counter_20__i24/SR}  (SLICE_R18C6A)
Source Clock     : int_osc (R)
Destination Clock: int_osc (R)
Logic Level      : 6
Delay Ratio      : 74.8% (route), 25.2% (logic)
Clock Skew       : 0.000 ns 
Setup Constraint : 20.833 ns 
Path Slack       : 5.685 ns  (Passed)


Source Clock Path
Name                                      Cell/Site Name     Delay Name       Incr      Arrival/Required Time  Fanout  
----------------------------------------  -----------------  ---------------  --------  ---------------------  ------  
hf_osc.osc_inst/CLKHF                     HFOSC_HFOSC_R1C32  CLOCK LATENCY       0.000                  0.000  15      
int_osc                                                      NET DELAY           5.499                  5.499  15      
{counter_20__i9/CK   counter_20__i10/CK}                     CLOCK PIN           0.000                  5.499  1       


Data Path
Name                                      Cell/Site Name     Delay Name       Incr      Arrival/Required Time  Fanout  
----------------------------------------  -----------------  ---------------  --------  ---------------------  ------  
counter_20__i10/CK->counter_20__i10/Q     SLICE_R18C4B       CLK_TO_Q1_DELAY     1.388                  6.887  2       
counter[10]                                                  NET DELAY           2.736                  9.623  2       
i12_4_lut/D->i12_4_lut/Z                  SLICE_R17C3B       A0_TO_F0_DELAY      0.449                 10.072  1       
n29                                                          NET DELAY           2.168                 12.240  1       
i15_4_lut/A->i15_4_lut/Z                  SLICE_R17C4A       D1_TO_F1_DELAY      0.476                 12.716  1       
n32                                                          NET DELAY           0.304                 13.020  1       
i1_4_lut/C->i1_4_lut/Z                    SLICE_R17C4B       C0_TO_F0_DELAY      0.476                 13.496  1       
n10                                                          NET DELAY           0.304                 13.800  1       
i7_4_lut/D->i7_4_lut/Z                    SLICE_R17C4B       C1_TO_F1_DELAY      0.449                 14.249  1       
n16                                                          NET DELAY           2.168                 16.417  1       
i4_4_lut/D->i4_4_lut/Z                    SLICE_R17C4C       D1_TO_F1_DELAY      0.449                 16.866  14      
n166                                                         NET DELAY           3.252                 20.118  14      
{counter_20__i23/SR   counter_20__i24/SR}
                                                             ENDPOINT            0.000                 20.118  1       


Destination Clock Path
Name                                      Cell/Site Name     Delay Name       Incr      Arrival/Required Time  Fanout  
----------------------------------------  -----------------  ---------------  --------  ---------------------  ------  
                                                             CONSTRAINT          0.000                 20.833  1       
hf_osc.osc_inst/CLKHF                     HFOSC_HFOSC_R1C32  CLOCK LATENCY       0.000                 20.833  15      
int_osc                                                      NET DELAY           5.499                 26.332  15      
{counter_20__i23/CK   counter_20__i24/CK}
                                                             CLOCK PIN           0.000                 26.332  1       
                                                             Uncertainty      -(0.000)                 26.332  
                                                             Setup time       -(0.529)                 25.803  
----------------------------------------  -----------------  ---------------  --------  ---------------------  ------  
Required Time                                                                                          25.803  
Arrival Time                                                                                        -(20.117)  
----------------------------------------  -----------------  ---------------  --------  ---------------------  ------  
Path Slack  (Passed)                                                                                    5.685  




++++ Path 2 ++++++++++++++++++++++++++++++++++++++++++++++++++++++++++ 

Path Begin       : counter_20__i10/Q  (SLICE_R18C4B)
Path End         : {counter_20__i5/SR   counter_20__i6/SR}  (SLICE_R18C3D)
Source Clock     : int_osc (R)
Destination Clock: int_osc (R)
Logic Level      : 6
Delay Ratio      : 72.7% (route), 27.3% (logic)
Clock Skew       : 0.000 ns 
Setup Constraint : 20.833 ns 
Path Slack       : 6.796 ns  (Passed)


Source Clock Path
Name                                      Cell/Site Name     Delay Name       Incr      Arrival/Required Time  Fanout  
----------------------------------------  -----------------  ---------------  --------  ---------------------  ------  
hf_osc.osc_inst/CLKHF                     HFOSC_HFOSC_R1C32  CLOCK LATENCY       0.000                  0.000  15      
int_osc                                                      NET DELAY           5.499                  5.499  15      
{counter_20__i9/CK   counter_20__i10/CK}                     CLOCK PIN           0.000                  5.499  1       


Data Path
Name                                      Cell/Site Name     Delay Name       Incr      Arrival/Required Time  Fanout  
----------------------------------------  -----------------  ---------------  --------  ---------------------  ------  
counter_20__i10/CK->counter_20__i10/Q     SLICE_R18C4B       CLK_TO_Q1_DELAY     1.388                  6.887  2       
counter[10]                                                  NET DELAY           2.736                  9.623  2       
i12_4_lut/D->i12_4_lut/Z                  SLICE_R17C3B       A0_TO_F0_DELAY      0.449                 10.072  1       
n29                                                          NET DELAY           2.168                 12.240  1       
i15_4_lut/A->i15_4_lut/Z                  SLICE_R17C4A       D1_TO_F1_DELAY      0.476                 12.716  1       
n32                                                          NET DELAY           0.304                 13.020  1       
i1_4_lut/C->i1_4_lut/Z                    SLICE_R17C4B       C0_TO_F0_DELAY      0.476                 13.496  1       
n10                                                          NET DELAY           0.304                 13.800  1       
i7_4_lut/D->i7_4_lut/Z                    SLICE_R17C4B       C1_TO_F1_DELAY      0.449                 14.249  1       
n16                                                          NET DELAY           2.168                 16.417  1       
i4_4_lut/D->i4_4_lut/Z                    SLICE_R17C4C       D1_TO_F1_DELAY      0.449                 16.866  14      
n166                                                         NET DELAY           2.141                 19.007  14      
{counter_20__i5/SR   counter_20__i6/SR}                      ENDPOINT            0.000                 19.007  1       


Destination Clock Path
Name                                      Cell/Site Name     Delay Name       Incr      Arrival/Required Time  Fanout  
----------------------------------------  -----------------  ---------------  --------  ---------------------  ------  
                                                             CONSTRAINT          0.000                 20.833  1       
hf_osc.osc_inst/CLKHF                     HFOSC_HFOSC_R1C32  CLOCK LATENCY       0.000                 20.833  15      
int_osc                                                      NET DELAY           5.499                 26.332  15      
{counter_20__i5/CK   counter_20__i6/CK}                      CLOCK PIN           0.000                 26.332  1       
                                                             Uncertainty      -(0.000)                 26.332  
                                                             Setup time       -(0.529)                 25.803  
----------------------------------------  -----------------  ---------------  --------  ---------------------  ------  
Required Time                                                                                          25.803  
Arrival Time                                                                                        -(19.006)  
----------------------------------------  -----------------  ---------------  --------  ---------------------  ------  
Path Slack  (Passed)                                                                                    6.796  




++++ Path 3 ++++++++++++++++++++++++++++++++++++++++++++++++++++++++++ 

Path Begin       : counter_20__i10/Q  (SLICE_R18C4B)
Path End         : {counter_20__i7/SR   counter_20__i8/SR}  (SLICE_R18C4A)
Source Clock     : int_osc (R)
Destination Clock: int_osc (R)
Logic Level      : 6
Delay Ratio      : 72.7% (route), 27.3% (logic)
Clock Skew       : 0.000 ns 
Setup Constraint : 20.833 ns 
Path Slack       : 6.796 ns  (Passed)


Source Clock Path
Name                                      Cell/Site Name     Delay Name       Incr      Arrival/Required Time  Fanout  
----------------------------------------  -----------------  ---------------  --------  ---------------------  ------  
hf_osc.osc_inst/CLKHF                     HFOSC_HFOSC_R1C32  CLOCK LATENCY       0.000                  0.000  15      
int_osc                                                      NET DELAY           5.499                  5.499  15      
{counter_20__i9/CK   counter_20__i10/CK}                     CLOCK PIN           0.000                  5.499  1       


Data Path
Name                                      Cell/Site Name     Delay Name       Incr      Arrival/Required Time  Fanout  
----------------------------------------  -----------------  ---------------  --------  ---------------------  ------  
counter_20__i10/CK->counter_20__i10/Q     SLICE_R18C4B       CLK_TO_Q1_DELAY     1.388                  6.887  2       
counter[10]                                                  NET DELAY           2.736                  9.623  2       
i12_4_lut/D->i12_4_lut/Z                  SLICE_R17C3B       A0_TO_F0_DELAY      0.449                 10.072  1       
n29                                                          NET DELAY           2.168                 12.240  1       
i15_4_lut/A->i15_4_lut/Z                  SLICE_R17C4A       D1_TO_F1_DELAY      0.476                 12.716  1       
n32                                                          NET DELAY           0.304                 13.020  1       
i1_4_lut/C->i1_4_lut/Z                    SLICE_R17C4B       C0_TO_F0_DELAY      0.476                 13.496  1       
n10                                                          NET DELAY           0.304                 13.800  1       
i7_4_lut/D->i7_4_lut/Z                    SLICE_R17C4B       C1_TO_F1_DELAY      0.449                 14.249  1       
n16                                                          NET DELAY           2.168                 16.417  1       
i4_4_lut/D->i4_4_lut/Z                    SLICE_R17C4C       D1_TO_F1_DELAY      0.449                 16.866  14      
n166                                                         NET DELAY           2.141                 19.007  14      
{counter_20__i7/SR   counter_20__i8/SR}                      ENDPOINT            0.000                 19.007  1       


Destination Clock Path
Name                                      Cell/Site Name     Delay Name       Incr      Arrival/Required Time  Fanout  
----------------------------------------  -----------------  ---------------  --------  ---------------------  ------  
                                                             CONSTRAINT          0.000                 20.833  1       
hf_osc.osc_inst/CLKHF                     HFOSC_HFOSC_R1C32  CLOCK LATENCY       0.000                 20.833  15      
int_osc                                                      NET DELAY           5.499                 26.332  15      
{counter_20__i7/CK   counter_20__i8/CK}                      CLOCK PIN           0.000                 26.332  1       
                                                             Uncertainty      -(0.000)                 26.332  
                                                             Setup time       -(0.529)                 25.803  
----------------------------------------  -----------------  ---------------  --------  ---------------------  ------  
Required Time                                                                                          25.803  
Arrival Time                                                                                        -(19.006)  
----------------------------------------  -----------------  ---------------  --------  ---------------------  ------  
Path Slack  (Passed)                                                                                    6.796  




++++ Path 4 ++++++++++++++++++++++++++++++++++++++++++++++++++++++++++ 

Path Begin       : counter_20__i10/Q  (SLICE_R18C4B)
Path End         : {counter_20__i9/SR   counter_20__i10/SR}  (SLICE_R18C4B)
Source Clock     : int_osc (R)
Destination Clock: int_osc (R)
Logic Level      : 6
Delay Ratio      : 72.7% (route), 27.3% (logic)
Clock Skew       : 0.000 ns 
Setup Constraint : 20.833 ns 
Path Slack       : 6.796 ns  (Passed)


Source Clock Path
Name                                      Cell/Site Name     Delay Name       Incr      Arrival/Required Time  Fanout  
----------------------------------------  -----------------  ---------------  --------  ---------------------  ------  
hf_osc.osc_inst/CLKHF                     HFOSC_HFOSC_R1C32  CLOCK LATENCY       0.000                  0.000  15      
int_osc                                                      NET DELAY           5.499                  5.499  15      
{counter_20__i9/CK   counter_20__i10/CK}                     CLOCK PIN           0.000                  5.499  1       


Data Path
Name                                      Cell/Site Name     Delay Name       Incr      Arrival/Required Time  Fanout  
----------------------------------------  -----------------  ---------------  --------  ---------------------  ------  
counter_20__i10/CK->counter_20__i10/Q     SLICE_R18C4B       CLK_TO_Q1_DELAY     1.388                  6.887  2       
counter[10]                                                  NET DELAY           2.736                  9.623  2       
i12_4_lut/D->i12_4_lut/Z                  SLICE_R17C3B       A0_TO_F0_DELAY      0.449                 10.072  1       
n29                                                          NET DELAY           2.168                 12.240  1       
i15_4_lut/A->i15_4_lut/Z                  SLICE_R17C4A       D1_TO_F1_DELAY      0.476                 12.716  1       
n32                                                          NET DELAY           0.304                 13.020  1       
i1_4_lut/C->i1_4_lut/Z                    SLICE_R17C4B       C0_TO_F0_DELAY      0.476                 13.496  1       
n10                                                          NET DELAY           0.304                 13.800  1       
i7_4_lut/D->i7_4_lut/Z                    SLICE_R17C4B       C1_TO_F1_DELAY      0.449                 14.249  1       
n16                                                          NET DELAY           2.168                 16.417  1       
i4_4_lut/D->i4_4_lut/Z                    SLICE_R17C4C       D1_TO_F1_DELAY      0.449                 16.866  14      
n166                                                         NET DELAY           2.141                 19.007  14      
{counter_20__i9/SR   counter_20__i10/SR}                     ENDPOINT            0.000                 19.007  1       


Destination Clock Path
Name                                      Cell/Site Name     Delay Name       Incr      Arrival/Required Time  Fanout  
----------------------------------------  -----------------  ---------------  --------  ---------------------  ------  
                                                             CONSTRAINT          0.000                 20.833  1       
hf_osc.osc_inst/CLKHF                     HFOSC_HFOSC_R1C32  CLOCK LATENCY       0.000                 20.833  15      
int_osc                                                      NET DELAY           5.499                 26.332  15      
{counter_20__i9/CK   counter_20__i10/CK}                     CLOCK PIN           0.000                 26.332  1       
                                                             Uncertainty      -(0.000)                 26.332  
                                                             Setup time       -(0.529)                 25.803  
----------------------------------------  -----------------  ---------------  --------  ---------------------  ------  
Required Time                                                                                          25.803  
Arrival Time                                                                                        -(19.006)  
----------------------------------------  -----------------  ---------------  --------  ---------------------  ------  
Path Slack  (Passed)                                                                                    6.796  




++++ Path 5 ++++++++++++++++++++++++++++++++++++++++++++++++++++++++++ 

Path Begin       : counter_20__i10/Q  (SLICE_R18C4B)
Path End         : {counter_20__i11/SR   counter_20__i12/SR}  (SLICE_R18C4C)
Source Clock     : int_osc (R)
Destination Clock: int_osc (R)
Logic Level      : 6
Delay Ratio      : 72.7% (route), 27.3% (logic)
Clock Skew       : 0.000 ns 
Setup Constraint : 20.833 ns 
Path Slack       : 6.796 ns  (Passed)


Source Clock Path
Name                                      Cell/Site Name     Delay Name       Incr      Arrival/Required Time  Fanout  
----------------------------------------  -----------------  ---------------  --------  ---------------------  ------  
hf_osc.osc_inst/CLKHF                     HFOSC_HFOSC_R1C32  CLOCK LATENCY       0.000                  0.000  15      
int_osc                                                      NET DELAY           5.499                  5.499  15      
{counter_20__i9/CK   counter_20__i10/CK}                     CLOCK PIN           0.000                  5.499  1       


Data Path
Name                                      Cell/Site Name     Delay Name       Incr      Arrival/Required Time  Fanout  
----------------------------------------  -----------------  ---------------  --------  ---------------------  ------  
counter_20__i10/CK->counter_20__i10/Q     SLICE_R18C4B       CLK_TO_Q1_DELAY     1.388                  6.887  2       
counter[10]                                                  NET DELAY           2.736                  9.623  2       
i12_4_lut/D->i12_4_lut/Z                  SLICE_R17C3B       A0_TO_F0_DELAY      0.449                 10.072  1       
n29                                                          NET DELAY           2.168                 12.240  1       
i15_4_lut/A->i15_4_lut/Z                  SLICE_R17C4A       D1_TO_F1_DELAY      0.476                 12.716  1       
n32                                                          NET DELAY           0.304                 13.020  1       
i1_4_lut/C->i1_4_lut/Z                    SLICE_R17C4B       C0_TO_F0_DELAY      0.476                 13.496  1       
n10                                                          NET DELAY           0.304                 13.800  1       
i7_4_lut/D->i7_4_lut/Z                    SLICE_R17C4B       C1_TO_F1_DELAY      0.449                 14.249  1       
n16                                                          NET DELAY           2.168                 16.417  1       
i4_4_lut/D->i4_4_lut/Z                    SLICE_R17C4C       D1_TO_F1_DELAY      0.449                 16.866  14      
n166                                                         NET DELAY           2.141                 19.007  14      
{counter_20__i11/SR   counter_20__i12/SR}
                                                             ENDPOINT            0.000                 19.007  1       


Destination Clock Path
Name                                      Cell/Site Name     Delay Name       Incr      Arrival/Required Time  Fanout  
----------------------------------------  -----------------  ---------------  --------  ---------------------  ------  
                                                             CONSTRAINT          0.000                 20.833  1       
hf_osc.osc_inst/CLKHF                     HFOSC_HFOSC_R1C32  CLOCK LATENCY       0.000                 20.833  15      
int_osc                                                      NET DELAY           5.499                 26.332  15      
{counter_20__i11/CK   counter_20__i12/CK}
                                                             CLOCK PIN           0.000                 26.332  1       
                                                             Uncertainty      -(0.000)                 26.332  
                                                             Setup time       -(0.529)                 25.803  
----------------------------------------  -----------------  ---------------  --------  ---------------------  ------  
Required Time                                                                                          25.803  
Arrival Time                                                                                        -(19.006)  
----------------------------------------  -----------------  ---------------  --------  ---------------------  ------  
Path Slack  (Passed)                                                                                    6.796  




++++ Path 6 ++++++++++++++++++++++++++++++++++++++++++++++++++++++++++ 

Path Begin       : counter_20__i10/Q  (SLICE_R18C4B)
Path End         : {counter_20__i13/SR   counter_20__i14/SR}  (SLICE_R18C4D)
Source Clock     : int_osc (R)
Destination Clock: int_osc (R)
Logic Level      : 6
Delay Ratio      : 72.7% (route), 27.3% (logic)
Clock Skew       : 0.000 ns 
Setup Constraint : 20.833 ns 
Path Slack       : 6.796 ns  (Passed)


Source Clock Path
Name                                      Cell/Site Name     Delay Name       Incr      Arrival/Required Time  Fanout  
----------------------------------------  -----------------  ---------------  --------  ---------------------  ------  
hf_osc.osc_inst/CLKHF                     HFOSC_HFOSC_R1C32  CLOCK LATENCY       0.000                  0.000  15      
int_osc                                                      NET DELAY           5.499                  5.499  15      
{counter_20__i9/CK   counter_20__i10/CK}                     CLOCK PIN           0.000                  5.499  1       


Data Path
Name                                      Cell/Site Name     Delay Name       Incr      Arrival/Required Time  Fanout  
----------------------------------------  -----------------  ---------------  --------  ---------------------  ------  
counter_20__i10/CK->counter_20__i10/Q     SLICE_R18C4B       CLK_TO_Q1_DELAY     1.388                  6.887  2       
counter[10]                                                  NET DELAY           2.736                  9.623  2       
i12_4_lut/D->i12_4_lut/Z                  SLICE_R17C3B       A0_TO_F0_DELAY      0.449                 10.072  1       
n29                                                          NET DELAY           2.168                 12.240  1       
i15_4_lut/A->i15_4_lut/Z                  SLICE_R17C4A       D1_TO_F1_DELAY      0.476                 12.716  1       
n32                                                          NET DELAY           0.304                 13.020  1       
i1_4_lut/C->i1_4_lut/Z                    SLICE_R17C4B       C0_TO_F0_DELAY      0.476                 13.496  1       
n10                                                          NET DELAY           0.304                 13.800  1       
i7_4_lut/D->i7_4_lut/Z                    SLICE_R17C4B       C1_TO_F1_DELAY      0.449                 14.249  1       
n16                                                          NET DELAY           2.168                 16.417  1       
i4_4_lut/D->i4_4_lut/Z                    SLICE_R17C4C       D1_TO_F1_DELAY      0.449                 16.866  14      
n166                                                         NET DELAY           2.141                 19.007  14      
{counter_20__i13/SR   counter_20__i14/SR}
                                                             ENDPOINT            0.000                 19.007  1       


Destination Clock Path
Name                                      Cell/Site Name     Delay Name       Incr      Arrival/Required Time  Fanout  
----------------------------------------  -----------------  ---------------  --------  ---------------------  ------  
                                                             CONSTRAINT          0.000                 20.833  1       
hf_osc.osc_inst/CLKHF                     HFOSC_HFOSC_R1C32  CLOCK LATENCY       0.000                 20.833  15      
int_osc                                                      NET DELAY           5.499                 26.332  15      
{counter_20__i13/CK   counter_20__i14/CK}
                                                             CLOCK PIN           0.000                 26.332  1       
                                                             Uncertainty      -(0.000)                 26.332  
                                                             Setup time       -(0.529)                 25.803  
----------------------------------------  -----------------  ---------------  --------  ---------------------  ------  
Required Time                                                                                          25.803  
Arrival Time                                                                                        -(19.006)  
----------------------------------------  -----------------  ---------------  --------  ---------------------  ------  
Path Slack  (Passed)                                                                                    6.796  




++++ Path 7 ++++++++++++++++++++++++++++++++++++++++++++++++++++++++++ 

Path Begin       : counter_20__i10/Q  (SLICE_R18C4B)
Path End         : {counter_20__i15/SR   counter_20__i16/SR}  (SLICE_R18C5A)
Source Clock     : int_osc (R)
Destination Clock: int_osc (R)
Logic Level      : 6
Delay Ratio      : 72.7% (route), 27.3% (logic)
Clock Skew       : 0.000 ns 
Setup Constraint : 20.833 ns 
Path Slack       : 6.796 ns  (Passed)


Source Clock Path
Name                                      Cell/Site Name     Delay Name       Incr      Arrival/Required Time  Fanout  
----------------------------------------  -----------------  ---------------  --------  ---------------------  ------  
hf_osc.osc_inst/CLKHF                     HFOSC_HFOSC_R1C32  CLOCK LATENCY       0.000                  0.000  15      
int_osc                                                      NET DELAY           5.499                  5.499  15      
{counter_20__i9/CK   counter_20__i10/CK}                     CLOCK PIN           0.000                  5.499  1       


Data Path
Name                                      Cell/Site Name     Delay Name       Incr      Arrival/Required Time  Fanout  
----------------------------------------  -----------------  ---------------  --------  ---------------------  ------  
counter_20__i10/CK->counter_20__i10/Q     SLICE_R18C4B       CLK_TO_Q1_DELAY     1.388                  6.887  2       
counter[10]                                                  NET DELAY           2.736                  9.623  2       
i12_4_lut/D->i12_4_lut/Z                  SLICE_R17C3B       A0_TO_F0_DELAY      0.449                 10.072  1       
n29                                                          NET DELAY           2.168                 12.240  1       
i15_4_lut/A->i15_4_lut/Z                  SLICE_R17C4A       D1_TO_F1_DELAY      0.476                 12.716  1       
n32                                                          NET DELAY           0.304                 13.020  1       
i1_4_lut/C->i1_4_lut/Z                    SLICE_R17C4B       C0_TO_F0_DELAY      0.476                 13.496  1       
n10                                                          NET DELAY           0.304                 13.800  1       
i7_4_lut/D->i7_4_lut/Z                    SLICE_R17C4B       C1_TO_F1_DELAY      0.449                 14.249  1       
n16                                                          NET DELAY           2.168                 16.417  1       
i4_4_lut/D->i4_4_lut/Z                    SLICE_R17C4C       D1_TO_F1_DELAY      0.449                 16.866  14      
n166                                                         NET DELAY           2.141                 19.007  14      
{counter_20__i15/SR   counter_20__i16/SR}
                                                             ENDPOINT            0.000                 19.007  1       


Destination Clock Path
Name                                      Cell/Site Name     Delay Name       Incr      Arrival/Required Time  Fanout  
----------------------------------------  -----------------  ---------------  --------  ---------------------  ------  
                                                             CONSTRAINT          0.000                 20.833  1       
hf_osc.osc_inst/CLKHF                     HFOSC_HFOSC_R1C32  CLOCK LATENCY       0.000                 20.833  15      
int_osc                                                      NET DELAY           5.499                 26.332  15      
{counter_20__i15/CK   counter_20__i16/CK}
                                                             CLOCK PIN           0.000                 26.332  1       
                                                             Uncertainty      -(0.000)                 26.332  
                                                             Setup time       -(0.529)                 25.803  
----------------------------------------  -----------------  ---------------  --------  ---------------------  ------  
Required Time                                                                                          25.803  
Arrival Time                                                                                        -(19.006)  
----------------------------------------  -----------------  ---------------  --------  ---------------------  ------  
Path Slack  (Passed)                                                                                    6.796  




++++ Path 8 ++++++++++++++++++++++++++++++++++++++++++++++++++++++++++ 

Path Begin       : counter_20__i10/Q  (SLICE_R18C4B)
Path End         : {counter_20__i17/SR   counter_20__i18/SR}  (SLICE_R18C5B)
Source Clock     : int_osc (R)
Destination Clock: int_osc (R)
Logic Level      : 6
Delay Ratio      : 72.7% (route), 27.3% (logic)
Clock Skew       : 0.000 ns 
Setup Constraint : 20.833 ns 
Path Slack       : 6.796 ns  (Passed)


Source Clock Path
Name                                      Cell/Site Name     Delay Name       Incr      Arrival/Required Time  Fanout  
----------------------------------------  -----------------  ---------------  --------  ---------------------  ------  
hf_osc.osc_inst/CLKHF                     HFOSC_HFOSC_R1C32  CLOCK LATENCY       0.000                  0.000  15      
int_osc                                                      NET DELAY           5.499                  5.499  15      
{counter_20__i9/CK   counter_20__i10/CK}                     CLOCK PIN           0.000                  5.499  1       


Data Path
Name                                      Cell/Site Name     Delay Name       Incr      Arrival/Required Time  Fanout  
----------------------------------------  -----------------  ---------------  --------  ---------------------  ------  
counter_20__i10/CK->counter_20__i10/Q     SLICE_R18C4B       CLK_TO_Q1_DELAY     1.388                  6.887  2       
counter[10]                                                  NET DELAY           2.736                  9.623  2       
i12_4_lut/D->i12_4_lut/Z                  SLICE_R17C3B       A0_TO_F0_DELAY      0.449                 10.072  1       
n29                                                          NET DELAY           2.168                 12.240  1       
i15_4_lut/A->i15_4_lut/Z                  SLICE_R17C4A       D1_TO_F1_DELAY      0.476                 12.716  1       
n32                                                          NET DELAY           0.304                 13.020  1       
i1_4_lut/C->i1_4_lut/Z                    SLICE_R17C4B       C0_TO_F0_DELAY      0.476                 13.496  1       
n10                                                          NET DELAY           0.304                 13.800  1       
i7_4_lut/D->i7_4_lut/Z                    SLICE_R17C4B       C1_TO_F1_DELAY      0.449                 14.249  1       
n16                                                          NET DELAY           2.168                 16.417  1       
i4_4_lut/D->i4_4_lut/Z                    SLICE_R17C4C       D1_TO_F1_DELAY      0.449                 16.866  14      
n166                                                         NET DELAY           2.141                 19.007  14      
{counter_20__i17/SR   counter_20__i18/SR}
                                                             ENDPOINT            0.000                 19.007  1       


Destination Clock Path
Name                                      Cell/Site Name     Delay Name       Incr      Arrival/Required Time  Fanout  
----------------------------------------  -----------------  ---------------  --------  ---------------------  ------  
                                                             CONSTRAINT          0.000                 20.833  1       
hf_osc.osc_inst/CLKHF                     HFOSC_HFOSC_R1C32  CLOCK LATENCY       0.000                 20.833  15      
int_osc                                                      NET DELAY           5.499                 26.332  15      
{counter_20__i17/CK   counter_20__i18/CK}
                                                             CLOCK PIN           0.000                 26.332  1       
                                                             Uncertainty      -(0.000)                 26.332  
                                                             Setup time       -(0.529)                 25.803  
----------------------------------------  -----------------  ---------------  --------  ---------------------  ------  
Required Time                                                                                          25.803  
Arrival Time                                                                                        -(19.006)  
----------------------------------------  -----------------  ---------------  --------  ---------------------  ------  
Path Slack  (Passed)                                                                                    6.796  




++++ Path 9 ++++++++++++++++++++++++++++++++++++++++++++++++++++++++++ 

Path Begin       : counter_20__i10/Q  (SLICE_R18C4B)
Path End         : {counter_20__i19/SR   counter_20__i20/SR}  (SLICE_R18C5C)
Source Clock     : int_osc (R)
Destination Clock: int_osc (R)
Logic Level      : 6
Delay Ratio      : 72.7% (route), 27.3% (logic)
Clock Skew       : 0.000 ns 
Setup Constraint : 20.833 ns 
Path Slack       : 6.796 ns  (Passed)


Source Clock Path
Name                                      Cell/Site Name     Delay Name       Incr      Arrival/Required Time  Fanout  
----------------------------------------  -----------------  ---------------  --------  ---------------------  ------  
hf_osc.osc_inst/CLKHF                     HFOSC_HFOSC_R1C32  CLOCK LATENCY       0.000                  0.000  15      
int_osc                                                      NET DELAY           5.499                  5.499  15      
{counter_20__i9/CK   counter_20__i10/CK}                     CLOCK PIN           0.000                  5.499  1       


Data Path
Name                                      Cell/Site Name     Delay Name       Incr      Arrival/Required Time  Fanout  
----------------------------------------  -----------------  ---------------  --------  ---------------------  ------  
counter_20__i10/CK->counter_20__i10/Q     SLICE_R18C4B       CLK_TO_Q1_DELAY     1.388                  6.887  2       
counter[10]                                                  NET DELAY           2.736                  9.623  2       
i12_4_lut/D->i12_4_lut/Z                  SLICE_R17C3B       A0_TO_F0_DELAY      0.449                 10.072  1       
n29                                                          NET DELAY           2.168                 12.240  1       
i15_4_lut/A->i15_4_lut/Z                  SLICE_R17C4A       D1_TO_F1_DELAY      0.476                 12.716  1       
n32                                                          NET DELAY           0.304                 13.020  1       
i1_4_lut/C->i1_4_lut/Z                    SLICE_R17C4B       C0_TO_F0_DELAY      0.476                 13.496  1       
n10                                                          NET DELAY           0.304                 13.800  1       
i7_4_lut/D->i7_4_lut/Z                    SLICE_R17C4B       C1_TO_F1_DELAY      0.449                 14.249  1       
n16                                                          NET DELAY           2.168                 16.417  1       
i4_4_lut/D->i4_4_lut/Z                    SLICE_R17C4C       D1_TO_F1_DELAY      0.449                 16.866  14      
n166                                                         NET DELAY           2.141                 19.007  14      
{counter_20__i19/SR   counter_20__i20/SR}
                                                             ENDPOINT            0.000                 19.007  1       


Destination Clock Path
Name                                      Cell/Site Name     Delay Name       Incr      Arrival/Required Time  Fanout  
----------------------------------------  -----------------  ---------------  --------  ---------------------  ------  
                                                             CONSTRAINT          0.000                 20.833  1       
hf_osc.osc_inst/CLKHF                     HFOSC_HFOSC_R1C32  CLOCK LATENCY       0.000                 20.833  15      
int_osc                                                      NET DELAY           5.499                 26.332  15      
{counter_20__i19/CK   counter_20__i20/CK}
                                                             CLOCK PIN           0.000                 26.332  1       
                                                             Uncertainty      -(0.000)                 26.332  
                                                             Setup time       -(0.529)                 25.803  
----------------------------------------  -----------------  ---------------  --------  ---------------------  ------  
Required Time                                                                                          25.803  
Arrival Time                                                                                        -(19.006)  
----------------------------------------  -----------------  ---------------  --------  ---------------------  ------  
Path Slack  (Passed)                                                                                    6.796  




++++ Path 10 ++++++++++++++++++++++++++++++++++++++++++++++++++++++++++ 

Path Begin       : counter_20__i10/Q  (SLICE_R18C4B)
Path End         : {counter_20__i21/SR   counter_20__i22/SR}  (SLICE_R18C5D)
Source Clock     : int_osc (R)
Destination Clock: int_osc (R)
Logic Level      : 6
Delay Ratio      : 72.7% (route), 27.3% (logic)
Clock Skew       : 0.000 ns 
Setup Constraint : 20.833 ns 
Path Slack       : 6.796 ns  (Passed)


Source Clock Path
Name                                      Cell/Site Name     Delay Name       Incr      Arrival/Required Time  Fanout  
----------------------------------------  -----------------  ---------------  --------  ---------------------  ------  
hf_osc.osc_inst/CLKHF                     HFOSC_HFOSC_R1C32  CLOCK LATENCY       0.000                  0.000  15      
int_osc                                                      NET DELAY           5.499                  5.499  15      
{counter_20__i9/CK   counter_20__i10/CK}                     CLOCK PIN           0.000                  5.499  1       


Data Path
Name                                      Cell/Site Name     Delay Name       Incr      Arrival/Required Time  Fanout  
----------------------------------------  -----------------  ---------------  --------  ---------------------  ------  
counter_20__i10/CK->counter_20__i10/Q     SLICE_R18C4B       CLK_TO_Q1_DELAY     1.388                  6.887  2       
counter[10]                                                  NET DELAY           2.736                  9.623  2       
i12_4_lut/D->i12_4_lut/Z                  SLICE_R17C3B       A0_TO_F0_DELAY      0.449                 10.072  1       
n29                                                          NET DELAY           2.168                 12.240  1       
i15_4_lut/A->i15_4_lut/Z                  SLICE_R17C4A       D1_TO_F1_DELAY      0.476                 12.716  1       
n32                                                          NET DELAY           0.304                 13.020  1       
i1_4_lut/C->i1_4_lut/Z                    SLICE_R17C4B       C0_TO_F0_DELAY      0.476                 13.496  1       
n10                                                          NET DELAY           0.304                 13.800  1       
i7_4_lut/D->i7_4_lut/Z                    SLICE_R17C4B       C1_TO_F1_DELAY      0.449                 14.249  1       
n16                                                          NET DELAY           2.168                 16.417  1       
i4_4_lut/D->i4_4_lut/Z                    SLICE_R17C4C       D1_TO_F1_DELAY      0.449                 16.866  14      
n166                                                         NET DELAY           2.141                 19.007  14      
{counter_20__i21/SR   counter_20__i22/SR}
                                                             ENDPOINT            0.000                 19.007  1       


Destination Clock Path
Name                                      Cell/Site Name     Delay Name       Incr      Arrival/Required Time  Fanout  
----------------------------------------  -----------------  ---------------  --------  ---------------------  ------  
                                                             CONSTRAINT          0.000                 20.833  1       
hf_osc.osc_inst/CLKHF                     HFOSC_HFOSC_R1C32  CLOCK LATENCY       0.000                 20.833  15      
int_osc                                                      NET DELAY           5.499                 26.332  15      
{counter_20__i21/CK   counter_20__i22/CK}
                                                             CLOCK PIN           0.000                 26.332  1       
                                                             Uncertainty      -(0.000)                 26.332  
                                                             Setup time       -(0.529)                 25.803  
----------------------------------------  -----------------  ---------------  --------  ---------------------  ------  
Required Time                                                                                          25.803  
Arrival Time                                                                                        -(19.006)  
----------------------------------------  -----------------  ---------------  --------  ---------------------  ------  
Path Slack  (Passed)                                                                                    6.796  



+++++++++++++++++++++++++++++++++++++++++++++++++++++++++++++++++++++ 
                    End of Detailed Report for timing paths 
+++++++++++++++++++++++++++++++++++++++++++++++++++++++++++++++++++++ 


##########################################################



===============================================================
3  Hold at Speed Grade m Corner at -40 Degrees
===============================================================

3.1  Endpoint slacks
=======================
-------------------------------------------------------
          Listing 10 End Points          |    Slack    
-------------------------------------------------------
led[2]_i0/D                              |    1.743 ns 
counter_20__i16/D                        |    1.913 ns 
counter_20__i17/D                        |    1.913 ns 
counter_20__i18/D                        |    1.913 ns 
counter_20__i19/D                        |    1.913 ns 
counter_20__i20/D                        |    1.913 ns 
counter_20__i21/D                        |    1.913 ns 
counter_20__i22/D                        |    1.913 ns 
counter_20__i23/D                        |    1.913 ns 
counter_20__i24/D                        |    1.913 ns 
-------------------------------------------------------
                                         |             
Hold # of endpoints with negative slack: |           0 
                                         |             
-------------------------------------------------------

3.2  Detailed Report
=======================


XXXXXXXXXXXXXXXXXXXXXXXXXXXXXXXXXXXXXXXXXXXXXXXXXXXXXXXXXX

Detail report of critical paths

XXXXXXXXXXXXXXXXXXXXXXXXXXXXXXXXXXXXXXXXXXXXXXXXXXXXXXXXXX

 +++++++++++++++++++++++++++++++++++++++++++++++++++++++++++++++++++++
                    Detailed Report for timing paths 
 +++++++++++++++++++++++++++++++++++++++++++++++++++++++++++++++++++++

 ++++Path 1  ++++++++++++++++++++++++++++++++++++++++++++++++++++++++++

Path Begin       : led[2]_i0/Q  (SLICE_R17C4D)
Path End         : led[2]_i0/D  (SLICE_R17C4D)
Source Clock     : int_osc (R)
Destination Clock: int_osc (R)
Logic Level      : 2
Delay Ratio      : 40.8% (route), 59.2% (logic)
Clock Skew       : 0.000 ns 
Hold Constraint  : 0.000 ns 
Path Slack       : 1.743 ns  (Passed)


Source Clock Path
Name                                      Cell/Site Name     Delay Name       Incr   Arrival/Required Time  Fanout  
----------------------------------------  -----------------  ---------------  -----  ---------------------  ------  
hf_osc.osc_inst/CLKHF                     HFOSC_HFOSC_R1C32  CLOCK LATENCY    0.000                  0.000  16      
int_osc                                                      NET DELAY        3.084                  3.084  16      
led[2]_i0/CK                                                 CLOCK PIN        0.000                  3.084  1       


Data Path
Name                                      Cell/Site Name     Delay Name       Incr   Arrival/Required Time  Fanout  
----------------------------------------  -----------------  ---------------  -----  ---------------------  ------  
led[2]_i0/CK->led[2]_i0/Q                 SLICE_R17C4D       CLK_TO_Q0_DELAY  0.779                  3.863  2       
led_c_2                                                      NET DELAY        0.712                  4.575  2       
i1_2_lut/A->i1_2_lut/Z                    SLICE_R17C4D       D0_TO_F0_DELAY   0.252                  4.827  1       
n162                                                         NET DELAY        0.000                  4.827  1       
led[2]_i0/D                                                  ENDPOINT         0.000                  4.827  1       


Destination Clock Path
Name                                      Cell/Site Name     Delay Name       Incr   Arrival/Required Time  Fanout  
----------------------------------------  -----------------  ---------------  -----  ---------------------  ------  
                                                             CONSTRAINT       0.000                  0.000  1       
hf_osc.osc_inst/CLKHF                     HFOSC_HFOSC_R1C32  CLOCK LATENCY    0.000                  0.000  16      
int_osc                                                      NET DELAY        3.084                  3.084  16      
led[2]_i0/CK                                                 CLOCK PIN        0.000                  3.084  1       
                                                             Uncertainty      0.000                  3.084  
                                                             Hold time        0.000                  3.084  
----------------------------------------  -----------------  ---------------  -----  ---------------------  ------  
Required Time                                                                                       -3.084  
Arrival Time                                                                                         4.827  
----------------------------------------  -----------------  ---------------  -----  ---------------------  ------  
Path Slack  (Passed)                                                                                 1.743  




++++ Path 2 ++++++++++++++++++++++++++++++++++++++++++++++++++++++++++ 

Path Begin       : counter_20__i16/Q  (SLICE_R18C5A)
Path End         : counter_20__i16/D  (SLICE_R18C5A)
Source Clock     : int_osc (R)
Destination Clock: int_osc (R)
Logic Level      : 2
Delay Ratio      : 46.1% (route), 53.9% (logic)
Clock Skew       : 0.000 ns 
Hold Constraint  : 0.000 ns 
Path Slack       : 1.913 ns  (Passed)


Source Clock Path
Name                                      Cell/Site Name     Delay Name       Incr   Arrival/Required Time  Fanout  
----------------------------------------  -----------------  ---------------  -----  ---------------------  ------  
hf_osc.osc_inst/CLKHF                     HFOSC_HFOSC_R1C32  CLOCK LATENCY    0.000                  0.000  16      
int_osc                                                      NET DELAY        3.084                  3.084  16      
{counter_20__i15/CK   counter_20__i16/CK}
                                                             CLOCK PIN        0.000                  3.084  1       


Data Path
Name                                      Cell/Site Name     Delay Name       Incr   Arrival/Required Time  Fanout  
----------------------------------------  -----------------  ---------------  -----  ---------------------  ------  
counter_20__i16/CK->counter_20__i16/Q     SLICE_R18C5A       CLK_TO_Q1_DELAY  0.779                  3.863  2       
counter[16]                                                  NET DELAY        0.882                  4.745  2       
counter_20_add_4_17/C1->counter_20_add_4_17/S1
                                          SLICE_R18C5A       C1_TO_F1_DELAY   0.252                  4.997  1       
n105[16]                                                     NET DELAY        0.000                  4.997  1       
counter_20__i16/D                                            ENDPOINT         0.000                  4.997  1       


Destination Clock Path
Name                                      Cell/Site Name     Delay Name       Incr   Arrival/Required Time  Fanout  
----------------------------------------  -----------------  ---------------  -----  ---------------------  ------  
                                                             CONSTRAINT       0.000                  0.000  1       
hf_osc.osc_inst/CLKHF                     HFOSC_HFOSC_R1C32  CLOCK LATENCY    0.000                  0.000  16      
int_osc                                                      NET DELAY        3.084                  3.084  16      
{counter_20__i15/CK   counter_20__i16/CK}
                                                             CLOCK PIN        0.000                  3.084  1       
                                                             Uncertainty      0.000                  3.084  
                                                             Hold time        0.000                  3.084  
----------------------------------------  -----------------  ---------------  -----  ---------------------  ------  
Required Time                                                                                       -3.084  
Arrival Time                                                                                         4.997  
----------------------------------------  -----------------  ---------------  -----  ---------------------  ------  
Path Slack  (Passed)                                                                                 1.913  




++++ Path 3 ++++++++++++++++++++++++++++++++++++++++++++++++++++++++++ 

Path Begin       : counter_20__i17/Q  (SLICE_R18C5B)
Path End         : counter_20__i17/D  (SLICE_R18C5B)
Source Clock     : int_osc (R)
Destination Clock: int_osc (R)
Logic Level      : 2
Delay Ratio      : 46.1% (route), 53.9% (logic)
Clock Skew       : 0.000 ns 
Hold Constraint  : 0.000 ns 
Path Slack       : 1.913 ns  (Passed)


Source Clock Path
Name                                      Cell/Site Name     Delay Name       Incr   Arrival/Required Time  Fanout  
----------------------------------------  -----------------  ---------------  -----  ---------------------  ------  
hf_osc.osc_inst/CLKHF                     HFOSC_HFOSC_R1C32  CLOCK LATENCY    0.000                  0.000  16      
int_osc                                                      NET DELAY        3.084                  3.084  16      
{counter_20__i17/CK   counter_20__i18/CK}
                                                             CLOCK PIN        0.000                  3.084  1       


Data Path
Name                                      Cell/Site Name     Delay Name       Incr   Arrival/Required Time  Fanout  
----------------------------------------  -----------------  ---------------  -----  ---------------------  ------  
counter_20__i17/CK->counter_20__i17/Q     SLICE_R18C5B       CLK_TO_Q0_DELAY  0.779                  3.863  2       
counter[17]                                                  NET DELAY        0.882                  4.745  2       
counter_20_add_4_19/C0->counter_20_add_4_19/S0
                                          SLICE_R18C5B       C0_TO_F0_DELAY   0.252                  4.997  1       
n105[17]                                                     NET DELAY        0.000                  4.997  1       
counter_20__i17/D                                            ENDPOINT         0.000                  4.997  1       


Destination Clock Path
Name                                      Cell/Site Name     Delay Name       Incr   Arrival/Required Time  Fanout  
----------------------------------------  -----------------  ---------------  -----  ---------------------  ------  
                                                             CONSTRAINT       0.000                  0.000  1       
hf_osc.osc_inst/CLKHF                     HFOSC_HFOSC_R1C32  CLOCK LATENCY    0.000                  0.000  16      
int_osc                                                      NET DELAY        3.084                  3.084  16      
{counter_20__i17/CK   counter_20__i18/CK}
                                                             CLOCK PIN        0.000                  3.084  1       
                                                             Uncertainty      0.000                  3.084  
                                                             Hold time        0.000                  3.084  
----------------------------------------  -----------------  ---------------  -----  ---------------------  ------  
Required Time                                                                                       -3.084  
Arrival Time                                                                                         4.997  
----------------------------------------  -----------------  ---------------  -----  ---------------------  ------  
Path Slack  (Passed)                                                                                 1.913  




++++ Path 4 ++++++++++++++++++++++++++++++++++++++++++++++++++++++++++ 

Path Begin       : counter_20__i18/Q  (SLICE_R18C5B)
Path End         : counter_20__i18/D  (SLICE_R18C5B)
Source Clock     : int_osc (R)
Destination Clock: int_osc (R)
Logic Level      : 2
Delay Ratio      : 46.1% (route), 53.9% (logic)
Clock Skew       : 0.000 ns 
Hold Constraint  : 0.000 ns 
Path Slack       : 1.913 ns  (Passed)


Source Clock Path
Name                                      Cell/Site Name     Delay Name       Incr   Arrival/Required Time  Fanout  
----------------------------------------  -----------------  ---------------  -----  ---------------------  ------  
hf_osc.osc_inst/CLKHF                     HFOSC_HFOSC_R1C32  CLOCK LATENCY    0.000                  0.000  16      
int_osc                                                      NET DELAY        3.084                  3.084  16      
{counter_20__i17/CK   counter_20__i18/CK}
                                                             CLOCK PIN        0.000                  3.084  1       


Data Path
Name                                      Cell/Site Name     Delay Name       Incr   Arrival/Required Time  Fanout  
----------------------------------------  -----------------  ---------------  -----  ---------------------  ------  
counter_20__i18/CK->counter_20__i18/Q     SLICE_R18C5B       CLK_TO_Q1_DELAY  0.779                  3.863  2       
counter[18]                                                  NET DELAY        0.882                  4.745  2       
counter_20_add_4_19/C1->counter_20_add_4_19/S1
                                          SLICE_R18C5B       C1_TO_F1_DELAY   0.252                  4.997  1       
n105[18]                                                     NET DELAY        0.000                  4.997  1       
counter_20__i18/D                                            ENDPOINT         0.000                  4.997  1       


Destination Clock Path
Name                                      Cell/Site Name     Delay Name       Incr   Arrival/Required Time  Fanout  
----------------------------------------  -----------------  ---------------  -----  ---------------------  ------  
                                                             CONSTRAINT       0.000                  0.000  1       
hf_osc.osc_inst/CLKHF                     HFOSC_HFOSC_R1C32  CLOCK LATENCY    0.000                  0.000  16      
int_osc                                                      NET DELAY        3.084                  3.084  16      
{counter_20__i17/CK   counter_20__i18/CK}
                                                             CLOCK PIN        0.000                  3.084  1       
                                                             Uncertainty      0.000                  3.084  
                                                             Hold time        0.000                  3.084  
----------------------------------------  -----------------  ---------------  -----  ---------------------  ------  
Required Time                                                                                       -3.084  
Arrival Time                                                                                         4.997  
----------------------------------------  -----------------  ---------------  -----  ---------------------  ------  
Path Slack  (Passed)                                                                                 1.913  




++++ Path 5 ++++++++++++++++++++++++++++++++++++++++++++++++++++++++++ 

Path Begin       : counter_20__i19/Q  (SLICE_R18C5C)
Path End         : counter_20__i19/D  (SLICE_R18C5C)
Source Clock     : int_osc (R)
Destination Clock: int_osc (R)
Logic Level      : 2
Delay Ratio      : 46.1% (route), 53.9% (logic)
Clock Skew       : 0.000 ns 
Hold Constraint  : 0.000 ns 
Path Slack       : 1.913 ns  (Passed)


Source Clock Path
Name                                      Cell/Site Name     Delay Name       Incr   Arrival/Required Time  Fanout  
----------------------------------------  -----------------  ---------------  -----  ---------------------  ------  
hf_osc.osc_inst/CLKHF                     HFOSC_HFOSC_R1C32  CLOCK LATENCY    0.000                  0.000  16      
int_osc                                                      NET DELAY        3.084                  3.084  16      
{counter_20__i19/CK   counter_20__i20/CK}
                                                             CLOCK PIN        0.000                  3.084  1       


Data Path
Name                                      Cell/Site Name     Delay Name       Incr   Arrival/Required Time  Fanout  
----------------------------------------  -----------------  ---------------  -----  ---------------------  ------  
counter_20__i19/CK->counter_20__i19/Q     SLICE_R18C5C       CLK_TO_Q0_DELAY  0.779                  3.863  2       
counter[19]                                                  NET DELAY        0.882                  4.745  2       
counter_20_add_4_21/C0->counter_20_add_4_21/S0
                                          SLICE_R18C5C       C0_TO_F0_DELAY   0.252                  4.997  1       
n105[19]                                                     NET DELAY        0.000                  4.997  1       
counter_20__i19/D                                            ENDPOINT         0.000                  4.997  1       


Destination Clock Path
Name                                      Cell/Site Name     Delay Name       Incr   Arrival/Required Time  Fanout  
----------------------------------------  -----------------  ---------------  -----  ---------------------  ------  
                                                             CONSTRAINT       0.000                  0.000  1       
hf_osc.osc_inst/CLKHF                     HFOSC_HFOSC_R1C32  CLOCK LATENCY    0.000                  0.000  16      
int_osc                                                      NET DELAY        3.084                  3.084  16      
{counter_20__i19/CK   counter_20__i20/CK}
                                                             CLOCK PIN        0.000                  3.084  1       
                                                             Uncertainty      0.000                  3.084  
                                                             Hold time        0.000                  3.084  
----------------------------------------  -----------------  ---------------  -----  ---------------------  ------  
Required Time                                                                                       -3.084  
Arrival Time                                                                                         4.997  
----------------------------------------  -----------------  ---------------  -----  ---------------------  ------  
Path Slack  (Passed)                                                                                 1.913  




++++ Path 6 ++++++++++++++++++++++++++++++++++++++++++++++++++++++++++ 

Path Begin       : counter_20__i20/Q  (SLICE_R18C5C)
Path End         : counter_20__i20/D  (SLICE_R18C5C)
Source Clock     : int_osc (R)
Destination Clock: int_osc (R)
Logic Level      : 2
Delay Ratio      : 46.1% (route), 53.9% (logic)
Clock Skew       : 0.000 ns 
Hold Constraint  : 0.000 ns 
Path Slack       : 1.913 ns  (Passed)


Source Clock Path
Name                                      Cell/Site Name     Delay Name       Incr   Arrival/Required Time  Fanout  
----------------------------------------  -----------------  ---------------  -----  ---------------------  ------  
hf_osc.osc_inst/CLKHF                     HFOSC_HFOSC_R1C32  CLOCK LATENCY    0.000                  0.000  16      
int_osc                                                      NET DELAY        3.084                  3.084  16      
{counter_20__i19/CK   counter_20__i20/CK}
                                                             CLOCK PIN        0.000                  3.084  1       


Data Path
Name                                      Cell/Site Name     Delay Name       Incr   Arrival/Required Time  Fanout  
----------------------------------------  -----------------  ---------------  -----  ---------------------  ------  
counter_20__i20/CK->counter_20__i20/Q     SLICE_R18C5C       CLK_TO_Q1_DELAY  0.779                  3.863  2       
counter[20]                                                  NET DELAY        0.882                  4.745  2       
counter_20_add_4_21/C1->counter_20_add_4_21/S1
                                          SLICE_R18C5C       C1_TO_F1_DELAY   0.252                  4.997  1       
n105[20]                                                     NET DELAY        0.000                  4.997  1       
counter_20__i20/D                                            ENDPOINT         0.000                  4.997  1       


Destination Clock Path
Name                                      Cell/Site Name     Delay Name       Incr   Arrival/Required Time  Fanout  
----------------------------------------  -----------------  ---------------  -----  ---------------------  ------  
                                                             CONSTRAINT       0.000                  0.000  1       
hf_osc.osc_inst/CLKHF                     HFOSC_HFOSC_R1C32  CLOCK LATENCY    0.000                  0.000  16      
int_osc                                                      NET DELAY        3.084                  3.084  16      
{counter_20__i19/CK   counter_20__i20/CK}
                                                             CLOCK PIN        0.000                  3.084  1       
                                                             Uncertainty      0.000                  3.084  
                                                             Hold time        0.000                  3.084  
----------------------------------------  -----------------  ---------------  -----  ---------------------  ------  
Required Time                                                                                       -3.084  
Arrival Time                                                                                         4.997  
----------------------------------------  -----------------  ---------------  -----  ---------------------  ------  
Path Slack  (Passed)                                                                                 1.913  




++++ Path 7 ++++++++++++++++++++++++++++++++++++++++++++++++++++++++++ 

Path Begin       : counter_20__i21/Q  (SLICE_R18C5D)
Path End         : counter_20__i21/D  (SLICE_R18C5D)
Source Clock     : int_osc (R)
Destination Clock: int_osc (R)
Logic Level      : 2
Delay Ratio      : 46.1% (route), 53.9% (logic)
Clock Skew       : 0.000 ns 
Hold Constraint  : 0.000 ns 
Path Slack       : 1.913 ns  (Passed)


Source Clock Path
Name                                      Cell/Site Name     Delay Name       Incr   Arrival/Required Time  Fanout  
----------------------------------------  -----------------  ---------------  -----  ---------------------  ------  
hf_osc.osc_inst/CLKHF                     HFOSC_HFOSC_R1C32  CLOCK LATENCY    0.000                  0.000  16      
int_osc                                                      NET DELAY        3.084                  3.084  16      
{counter_20__i21/CK   counter_20__i22/CK}
                                                             CLOCK PIN        0.000                  3.084  1       


Data Path
Name                                      Cell/Site Name     Delay Name       Incr   Arrival/Required Time  Fanout  
----------------------------------------  -----------------  ---------------  -----  ---------------------  ------  
counter_20__i21/CK->counter_20__i21/Q     SLICE_R18C5D       CLK_TO_Q0_DELAY  0.779                  3.863  2       
counter[21]                                                  NET DELAY        0.882                  4.745  2       
counter_20_add_4_23/C0->counter_20_add_4_23/S0
                                          SLICE_R18C5D       C0_TO_F0_DELAY   0.252                  4.997  1       
n105[21]                                                     NET DELAY        0.000                  4.997  1       
counter_20__i21/D                                            ENDPOINT         0.000                  4.997  1       


Destination Clock Path
Name                                      Cell/Site Name     Delay Name       Incr   Arrival/Required Time  Fanout  
----------------------------------------  -----------------  ---------------  -----  ---------------------  ------  
                                                             CONSTRAINT       0.000                  0.000  1       
hf_osc.osc_inst/CLKHF                     HFOSC_HFOSC_R1C32  CLOCK LATENCY    0.000                  0.000  16      
int_osc                                                      NET DELAY        3.084                  3.084  16      
{counter_20__i21/CK   counter_20__i22/CK}
                                                             CLOCK PIN        0.000                  3.084  1       
                                                             Uncertainty      0.000                  3.084  
                                                             Hold time        0.000                  3.084  
----------------------------------------  -----------------  ---------------  -----  ---------------------  ------  
Required Time                                                                                       -3.084  
Arrival Time                                                                                         4.997  
----------------------------------------  -----------------  ---------------  -----  ---------------------  ------  
Path Slack  (Passed)                                                                                 1.913  




++++ Path 8 ++++++++++++++++++++++++++++++++++++++++++++++++++++++++++ 

Path Begin       : counter_20__i22/Q  (SLICE_R18C5D)
Path End         : counter_20__i22/D  (SLICE_R18C5D)
Source Clock     : int_osc (R)
Destination Clock: int_osc (R)
Logic Level      : 2
Delay Ratio      : 46.1% (route), 53.9% (logic)
Clock Skew       : 0.000 ns 
Hold Constraint  : 0.000 ns 
Path Slack       : 1.913 ns  (Passed)


Source Clock Path
Name                                      Cell/Site Name     Delay Name       Incr   Arrival/Required Time  Fanout  
----------------------------------------  -----------------  ---------------  -----  ---------------------  ------  
hf_osc.osc_inst/CLKHF                     HFOSC_HFOSC_R1C32  CLOCK LATENCY    0.000                  0.000  16      
int_osc                                                      NET DELAY        3.084                  3.084  16      
{counter_20__i21/CK   counter_20__i22/CK}
                                                             CLOCK PIN        0.000                  3.084  1       


Data Path
Name                                      Cell/Site Name     Delay Name       Incr   Arrival/Required Time  Fanout  
----------------------------------------  -----------------  ---------------  -----  ---------------------  ------  
counter_20__i22/CK->counter_20__i22/Q     SLICE_R18C5D       CLK_TO_Q1_DELAY  0.779                  3.863  2       
counter[22]                                                  NET DELAY        0.882                  4.745  2       
counter_20_add_4_23/C1->counter_20_add_4_23/S1
                                          SLICE_R18C5D       C1_TO_F1_DELAY   0.252                  4.997  1       
n105[22]                                                     NET DELAY        0.000                  4.997  1       
counter_20__i22/D                                            ENDPOINT         0.000                  4.997  1       


Destination Clock Path
Name                                      Cell/Site Name     Delay Name       Incr   Arrival/Required Time  Fanout  
----------------------------------------  -----------------  ---------------  -----  ---------------------  ------  
                                                             CONSTRAINT       0.000                  0.000  1       
hf_osc.osc_inst/CLKHF                     HFOSC_HFOSC_R1C32  CLOCK LATENCY    0.000                  0.000  16      
int_osc                                                      NET DELAY        3.084                  3.084  16      
{counter_20__i21/CK   counter_20__i22/CK}
                                                             CLOCK PIN        0.000                  3.084  1       
                                                             Uncertainty      0.000                  3.084  
                                                             Hold time        0.000                  3.084  
----------------------------------------  -----------------  ---------------  -----  ---------------------  ------  
Required Time                                                                                       -3.084  
Arrival Time                                                                                         4.997  
----------------------------------------  -----------------  ---------------  -----  ---------------------  ------  
Path Slack  (Passed)                                                                                 1.913  




++++ Path 9 ++++++++++++++++++++++++++++++++++++++++++++++++++++++++++ 

Path Begin       : counter_20__i23/Q  (SLICE_R18C6A)
Path End         : counter_20__i23/D  (SLICE_R18C6A)
Source Clock     : int_osc (R)
Destination Clock: int_osc (R)
Logic Level      : 2
Delay Ratio      : 46.1% (route), 53.9% (logic)
Clock Skew       : 0.000 ns 
Hold Constraint  : 0.000 ns 
Path Slack       : 1.913 ns  (Passed)


Source Clock Path
Name                                      Cell/Site Name     Delay Name       Incr   Arrival/Required Time  Fanout  
----------------------------------------  -----------------  ---------------  -----  ---------------------  ------  
hf_osc.osc_inst/CLKHF                     HFOSC_HFOSC_R1C32  CLOCK LATENCY    0.000                  0.000  16      
int_osc                                                      NET DELAY        3.084                  3.084  16      
{counter_20__i23/CK   counter_20__i24/CK}
                                                             CLOCK PIN        0.000                  3.084  1       


Data Path
Name                                      Cell/Site Name     Delay Name       Incr   Arrival/Required Time  Fanout  
----------------------------------------  -----------------  ---------------  -----  ---------------------  ------  
counter_20__i23/CK->counter_20__i23/Q     SLICE_R18C6A       CLK_TO_Q0_DELAY  0.779                  3.863  2       
counter[23]                                                  NET DELAY        0.882                  4.745  2       
counter_20_add_4_25/C0->counter_20_add_4_25/S0
                                          SLICE_R18C6A       C0_TO_F0_DELAY   0.252                  4.997  1       
n105[23]                                                     NET DELAY        0.000                  4.997  1       
counter_20__i23/D                                            ENDPOINT         0.000                  4.997  1       


Destination Clock Path
Name                                      Cell/Site Name     Delay Name       Incr   Arrival/Required Time  Fanout  
----------------------------------------  -----------------  ---------------  -----  ---------------------  ------  
                                                             CONSTRAINT       0.000                  0.000  1       
hf_osc.osc_inst/CLKHF                     HFOSC_HFOSC_R1C32  CLOCK LATENCY    0.000                  0.000  16      
int_osc                                                      NET DELAY        3.084                  3.084  16      
{counter_20__i23/CK   counter_20__i24/CK}
                                                             CLOCK PIN        0.000                  3.084  1       
                                                             Uncertainty      0.000                  3.084  
                                                             Hold time        0.000                  3.084  
----------------------------------------  -----------------  ---------------  -----  ---------------------  ------  
Required Time                                                                                       -3.084  
Arrival Time                                                                                         4.997  
----------------------------------------  -----------------  ---------------  -----  ---------------------  ------  
Path Slack  (Passed)                                                                                 1.913  




++++ Path 10 ++++++++++++++++++++++++++++++++++++++++++++++++++++++++++ 

Path Begin       : counter_20__i24/Q  (SLICE_R18C6A)
Path End         : counter_20__i24/D  (SLICE_R18C6A)
Source Clock     : int_osc (R)
Destination Clock: int_osc (R)
Logic Level      : 2
Delay Ratio      : 46.1% (route), 53.9% (logic)
Clock Skew       : 0.000 ns 
Hold Constraint  : 0.000 ns 
Path Slack       : 1.913 ns  (Passed)


Source Clock Path
Name                                      Cell/Site Name     Delay Name       Incr   Arrival/Required Time  Fanout  
----------------------------------------  -----------------  ---------------  -----  ---------------------  ------  
hf_osc.osc_inst/CLKHF                     HFOSC_HFOSC_R1C32  CLOCK LATENCY    0.000                  0.000  16      
int_osc                                                      NET DELAY        3.084                  3.084  16      
{counter_20__i23/CK   counter_20__i24/CK}
                                                             CLOCK PIN        0.000                  3.084  1       


Data Path
Name                                      Cell/Site Name     Delay Name       Incr   Arrival/Required Time  Fanout  
----------------------------------------  -----------------  ---------------  -----  ---------------------  ------  
counter_20__i24/CK->counter_20__i24/Q     SLICE_R18C6A       CLK_TO_Q1_DELAY  0.779                  3.863  2       
counter[24]                                                  NET DELAY        0.882                  4.745  2       
counter_20_add_4_25/C1->counter_20_add_4_25/S1
                                          SLICE_R18C6A       C1_TO_F1_DELAY   0.252                  4.997  1       
n105[24]                                                     NET DELAY        0.000                  4.997  1       
counter_20__i24/D                                            ENDPOINT         0.000                  4.997  1       


Destination Clock Path
Name                                      Cell/Site Name     Delay Name       Incr   Arrival/Required Time  Fanout  
----------------------------------------  -----------------  ---------------  -----  ---------------------  ------  
                                                             CONSTRAINT       0.000                  0.000  1       
hf_osc.osc_inst/CLKHF                     HFOSC_HFOSC_R1C32  CLOCK LATENCY    0.000                  0.000  16      
int_osc                                                      NET DELAY        3.084                  3.084  16      
{counter_20__i23/CK   counter_20__i24/CK}
                                                             CLOCK PIN        0.000                  3.084  1       
                                                             Uncertainty      0.000                  3.084  
                                                             Hold time        0.000                  3.084  
----------------------------------------  -----------------  ---------------  -----  ---------------------  ------  
Required Time                                                                                       -3.084  
Arrival Time                                                                                         4.997  
----------------------------------------  -----------------  ---------------  -----  ---------------------  ------  
Path Slack  (Passed)                                                                                 1.913  



+++++++++++++++++++++++++++++++++++++++++++++++++++++++++++++++++++++ 
                    End of Detailed Report for timing paths 
+++++++++++++++++++++++++++++++++++++++++++++++++++++++++++++++++++++ 


##########################################################



